# JRE version: Java(TM) SE Runtime Environment (8.0_201-b09) (build 1.8.0_201-b09)
# Java VM: Java HotSpot(TM) 64-Bit Server VM (25.201-b09 mixed mode linux-amd64 compressed oops)
Heap:
 PSYoungGen      total 400384K, used 46496K [0x00000000d6700000, 0x00000000f1c00000, 0x0000000100000000)
  eden space 382464K, 7% used [0x00000000d6700000,0x00000000d82eabb8,0x00000000edc80000)
  from space 17920K, 99% used [0x00000000f0a80000,0x00000000f1bfd4d8,0x00000000f1c00000)
  to   space 22016K, 0% used [0x00000000ef100000,0x00000000ef100000,0x00000000f0680000)
 ParOldGen       total 76288K, used 22603K [0x0000000083400000, 0x0000000087e80000, 0x00000000d6700000)
  object space 76288K, 29% used [0x0000000083400000,0x0000000084a12fe0,0x0000000087e80000)
 Metaspace       used 52013K, capacity 54151K, committed 54440K, reserved 1095680K
  class space    used 6815K, capacity 7272K, committed 7336K, reserved 1048576K
GC Heap History (10 events):
Event: 3,455 GC heap before
{Heap before GC invocations=6 (full 1):
 PSYoungGen      total 136192K, used 131072K [0x00000000d6700000, 0x00000000df100000, 0x0000000100000000)
  eden space 131072K, 100% used [0x00000000d6700000,0x00000000de700000,0x00000000de700000)
  from space 5120K, 0% used [0x00000000dec00000,0x00000000dec00000,0x00000000df100000)
  to   space 5120K, 0% used [0x00000000de700000,0x00000000de700000,0x00000000dec00000)
 ParOldGen       total 48640K, used 5235K [0x0000000083400000, 0x0000000086380000, 0x00000000d6700000)
  object space 48640K, 10% used [0x0000000083400000,0x000000008391cdb0,0x0000000086380000)
 Metaspace       used 25505K, capacity 26392K, committed 26496K, reserved 1073152K
  class space    used 3407K, capacity 3633K, committed 3712K, reserved 1048576K
Event: 3,467 GC heap after
Heap after GC invocations=6 (full 1):
 PSYoungGen      total 136192K, used 5116K [0x00000000d6700000, 0x00000000e6280000, 0x0000000100000000)
  eden space 131072K, 0% used [0x00000000d6700000,0x00000000d6700000,0x00000000de700000)
  from space 5120K, 99% used [0x00000000de700000,0x00000000debff100,0x00000000dec00000)
  to   space 11264K, 0% used [0x00000000e5780000,0x00000000e5780000,0x00000000e6280000)
 ParOldGen       total 48640K, used 9460K [0x0000000083400000, 0x0000000086380000, 0x00000000d6700000)
  object space 48640K, 19% used [0x0000000083400000,0x0000000083d3d048,0x0000000086380000)
 Metaspace       used 25505K, capacity 26392K, committed 26496K, reserved 1073152K
  class space    used 3407K, capacity 3633K, committed 3712K, reserved 1048576K
}
Event: 4,509 GC heap before
{Heap before GC invocations=7 (full 1):
 PSYoungGen      total 136192K, used 136188K [0x00000000d6700000, 0x00000000e6280000, 0x0000000100000000)
  eden space 131072K, 100% used [0x00000000d6700000,0x00000000de700000,0x00000000de700000)
  from space 5120K, 99% used [0x00000000de700000,0x00000000debff100,0x00000000dec00000)
  to   space 11264K, 0% used [0x00000000e5780000,0x00000000e5780000,0x00000000e6280000)
 ParOldGen       total 48640K, used 9460K [0x0000000083400000, 0x0000000086380000, 0x00000000d6700000)
  object space 48640K, 19% used [0x0000000083400000,0x0000000083d3d048,0x0000000086380000)
 Metaspace       used 33229K, capacity 34606K, committed 34944K, reserved 1079296K
  class space    used 4398K, capacity 4696K, committed 4736K, reserved 1048576K
Event: 4,539 GC heap after
Heap after GC invocations=7 (full 1):
 PSYoungGen      total 240640K, used 11256K [0x00000000d6700000, 0x00000000e6980000, 0x0000000100000000)
  eden space 229376K, 0% used [0x00000000d6700000,0x00000000d6700000,0x00000000e4700000)
  from space 11264K, 99% used [0x00000000e5780000,0x00000000e627e2a8,0x00000000e6280000)
  to   space 16896K, 0% used [0x00000000e4700000,0x00000000e4700000,0x00000000e5780000)
 ParOldGen       total 48640K, used 16402K [0x0000000083400000, 0x0000000086380000, 0x00000000d6700000)
  object space 48640K, 33% used [0x0000000083400000,0x00000000844049f0,0x0000000086380000)
 Metaspace       used 33229K, capacity 34606K, committed 34944K, reserved 1079296K
  class space    used 4398K, capacity 4696K, committed 4736K, reserved 1048576K
}
Event: 4,604 GC heap before
{Heap before GC invocations=8 (full 1):
 PSYoungGen      total 240640K, used 20191K [0x00000000d6700000, 0x00000000e6980000, 0x0000000100000000)
  eden space 229376K, 3% used [0x00000000d6700000,0x00000000d6fb9c70,0x00000000e4700000)
  from space 11264K, 99% used [0x00000000e5780000,0x00000000e627e2a8,0x00000000e6280000)
  to   space 16896K, 0% used [0x00000000e4700000,0x00000000e4700000,0x00000000e5780000)
 ParOldGen       total 48640K, used 16402K [0x0000000083400000, 0x0000000086380000, 0x00000000d6700000)
  object space 48640K, 33% used [0x0000000083400000,0x00000000844049f0,0x0000000086380000)
 Metaspace       used 33997K, capacity 35374K, committed 35496K, reserved 1079296K
  class space    used 4491K, capacity 4760K, committed 4776K, reserved 1048576K
Event: 4,614 GC heap after
Heap after GC invocations=8 (full 1):
 PSYoungGen      total 246272K, used 12045K [0x00000000d6700000, 0x00000000f1c00000, 0x0000000100000000)
  eden space 229376K, 0% used [0x00000000d6700000,0x00000000d6700000,0x00000000e4700000)
  from space 16896K, 71% used [0x00000000e4700000,0x00000000e52c3540,0x00000000e5780000)
  to   space 17920K, 0% used [0x00000000f0a80000,0x00000000f0a80000,0x00000000f1c00000)
 ParOldGen       total 48640K, used 16410K [0x0000000083400000, 0x0000000086380000, 0x00000000d6700000)
  object space 48640K, 33% used [0x0000000083400000,0x00000000844069f0,0x0000000086380000)
 Metaspace       used 33997K, capacity 35374K, committed 35496K, reserved 1079296K
  class space    used 4491K, capacity 4760K, committed 4776K, reserved 1048576K
}
Event: 4,614 GC heap before
{Heap before GC invocations=9 (full 2):
 PSYoungGen      total 246272K, used 12045K [0x00000000d6700000, 0x00000000f1c00000, 0x0000000100000000)
  eden space 229376K, 0% used [0x00000000d6700000,0x00000000d6700000,0x00000000e4700000)
  from space 16896K, 71% used [0x00000000e4700000,0x00000000e52c3540,0x00000000e5780000)
  to   space 17920K, 0% used [0x00000000f0a80000,0x00000000f0a80000,0x00000000f1c00000)
 ParOldGen       total 48640K, used 16410K [0x0000000083400000, 0x0000000086380000, 0x00000000d6700000)
  object space 48640K, 33% used [0x0000000083400000,0x00000000844069f0,0x0000000086380000)
 Metaspace       used 33997K, capacity 35374K, committed 35496K, reserved 1079296K
  class space    used 4491K, capacity 4760K, committed 4776K, reserved 1048576K
Event: 4,705 GC heap after
Heap after GC invocations=9 (full 2):
 PSYoungGen      total 246272K, used 0K [0x00000000d6700000, 0x00000000f1c00000, 0x0000000100000000)
  eden space 229376K, 0% used [0x00000000d6700000,0x00000000d6700000,0x00000000e4700000)
  from space 16896K, 0% used [0x00000000e4700000,0x00000000e4700000,0x00000000e5780000)
  to   space 17920K, 0% used [0x00000000f0a80000,0x00000000f0a80000,0x00000000f1c00000)
 ParOldGen       total 76288K, used 18957K [0x0000000083400000, 0x0000000087e80000, 0x00000000d6700000)
  object space 76288K, 24% used [0x0000000083400000,0x0000000084683470,0x0000000087e80000)
 Metaspace       used 33997K, capacity 35374K, committed 35496K, reserved 1079296K
  class space    used 4491K, capacity 4760K, committed 4776K, reserved 1048576K
}
Event: 17,966 GC heap before
{Heap before GC invocations=10 (full 2):
 PSYoungGen      total 246272K, used 229376K [0x00000000d6700000, 0x00000000f1c00000, 0x0000000100000000)
  eden space 229376K, 100% used [0x00000000d6700000,0x00000000e4700000,0x00000000e4700000)
  from space 16896K, 0% used [0x00000000e4700000,0x00000000e4700000,0x00000000e5780000)
  to   space 17920K, 0% used [0x00000000f0a80000,0x00000000f0a80000,0x00000000f1c00000)
 ParOldGen       total 76288K, used 18957K [0x0000000083400000, 0x0000000087e80000, 0x00000000d6700000)
  object space 76288K, 24% used [0x0000000083400000,0x0000000084683470,0x0000000087e80000)
 Metaspace       used 50783K, capacity 52891K, committed 53032K, reserved 1095680K
  class space    used 6660K, capacity 7136K, committed 7208K, reserved 1048576K
Event: 17,990 GC heap after
Heap after GC invocations=10 (full 2):
 PSYoungGen      total 400384K, used 17909K [0x00000000d6700000, 0x00000000f1c00000, 0x0000000100000000)
  eden space 382464K, 0% used [0x00000000d6700000,0x00000000d6700000,0x00000000edc80000)
  from space 17920K, 99% used [0x00000000f0a80000,0x00000000f1bfd4d8,0x00000000f1c00000)
  to   space 22016K, 0% used [0x00000000ef100000,0x00000000ef100000,0x00000000f0680000)
 ParOldGen       total 76288K, used 22603K [0x0000000083400000, 0x0000000087e80000, 0x00000000d6700000)
  object space 76288K, 29% used [0x0000000083400000,0x0000000084a12fe0,0x0000000087e80000)
 Metaspace       used 50783K, capacity 52891K, committed 53032K, reserved 1095680K
  class space    used 6660K, capacity 7136K, committed 7208K, reserved 1048576K
}

