# JRE version: Java(TM) SE Runtime Environment (8.0_201-b09) (build 1.8.0_201-b09)
# Java VM: Java HotSpot(TM) 64-Bit Server VM (25.201-b09 mixed mode linux-amd64 compressed oops)
Heap:
 PSYoungGen      total 227328K, used 90050K [0x00000000d6700000, 0x00000000e5d80000, 0x0000000100000000)
  eden space 208384K, 43% used [0x00000000d6700000,0x00000000dbef0aa0,0x00000000e3280000)
  from space 18944K, 0% used [0x00000000e4780000,0x00000000e4780000,0x00000000e5a00000)
  to   space 21504K, 0% used [0x00000000e3280000,0x00000000e3280000,0x00000000e4780000)
 ParOldGen       total 133632K, used 34169K [0x0000000083400000, 0x000000008b680000, 0x00000000d6700000)
  object space 133632K, 25% used [0x0000000083400000,0x000000008555e530,0x000000008b680000)
 Metaspace       used 62092K, capacity 64821K, committed 65024K, reserved 1105920K
  class space    used 8431K, capacity 8935K, committed 8960K, reserved 1048576K
GC Heap History (10 events):
Event: 4,387 GC heap before
{Heap before GC invocations=9 (full 1):
 PSYoungGen      total 135168K, used 111522K [0x00000000d6700000, 0x00000000e2280000, 0x0000000100000000)
  eden space 126976K, 81% used [0x00000000d6700000,0x00000000dcbee0c8,0x00000000de300000)
  from space 8192K, 99% used [0x00000000de300000,0x00000000deafa928,0x00000000deb00000)
  to   space 10752K, 0% used [0x00000000e1800000,0x00000000e1800000,0x00000000e2280000)
 ParOldGen       total 52224K, used 8646K [0x0000000083400000, 0x0000000086700000, 0x00000000d6700000)
  object space 52224K, 16% used [0x0000000083400000,0x0000000083c71980,0x0000000086700000)
 Metaspace       used 33828K, capacity 35410K, committed 35496K, reserved 1079296K
  class space    used 4506K, capacity 4844K, committed 4864K, reserved 1048576K
Event: 4,405 GC heap after
Heap after GC invocations=9 (full 1):
 PSYoungGen      total 177152K, used 10743K [0x00000000d6700000, 0x00000000e4600000, 0x0000000100000000)
  eden space 166400K, 0% used [0x00000000d6700000,0x00000000d6700000,0x00000000e0980000)
  from space 10752K, 99% used [0x00000000e1800000,0x00000000e227dd00,0x00000000e2280000)
  to   space 14848K, 0% used [0x00000000e0980000,0x00000000e0980000,0x00000000e1800000)
 ParOldGen       total 52224K, used 14452K [0x0000000083400000, 0x0000000086700000, 0x00000000d6700000)
  object space 52224K, 27% used [0x0000000083400000,0x000000008421d370,0x0000000086700000)
 Metaspace       used 33828K, capacity 35410K, committed 35496K, reserved 1079296K
  class space    used 4506K, capacity 4844K, committed 4864K, reserved 1048576K
}
Event: 4,405 GC heap before
{Heap before GC invocations=10 (full 2):
 PSYoungGen      total 177152K, used 10743K [0x00000000d6700000, 0x00000000e4600000, 0x0000000100000000)
  eden space 166400K, 0% used [0x00000000d6700000,0x00000000d6700000,0x00000000e0980000)
  from space 10752K, 99% used [0x00000000e1800000,0x00000000e227dd00,0x00000000e2280000)
  to   space 14848K, 0% used [0x00000000e0980000,0x00000000e0980000,0x00000000e1800000)
 ParOldGen       total 52224K, used 14452K [0x0000000083400000, 0x0000000086700000, 0x00000000d6700000)
  object space 52224K, 27% used [0x0000000083400000,0x000000008421d370,0x0000000086700000)
 Metaspace       used 33828K, capacity 35410K, committed 35496K, reserved 1079296K
  class space    used 4506K, capacity 4844K, committed 4864K, reserved 1048576K
Event: 4,508 GC heap after
Heap after GC invocations=10 (full 2):
 PSYoungGen      total 177152K, used 0K [0x00000000d6700000, 0x00000000e4600000, 0x0000000100000000)
  eden space 166400K, 0% used [0x00000000d6700000,0x00000000d6700000,0x00000000e0980000)
  from space 10752K, 0% used [0x00000000e1800000,0x00000000e1800000,0x00000000e2280000)
  to   space 14848K, 0% used [0x00000000e0980000,0x00000000e0980000,0x00000000e1800000)
 ParOldGen       total 93184K, used 21026K [0x0000000083400000, 0x0000000088f00000, 0x00000000d6700000)
  object space 93184K, 22% used [0x0000000083400000,0x0000000084888878,0x0000000088f00000)
 Metaspace       used 33828K, capacity 35410K, committed 35496K, reserved 1079296K
  class space    used 4506K, capacity 4844K, committed 4864K, reserved 1048576K
}
Event: 6,244 GC heap before
{Heap before GC invocations=11 (full 2):
 PSYoungGen      total 177152K, used 166400K [0x00000000d6700000, 0x00000000e4600000, 0x0000000100000000)
  eden space 166400K, 100% used [0x00000000d6700000,0x00000000e0980000,0x00000000e0980000)
  from space 10752K, 0% used [0x00000000e1800000,0x00000000e1800000,0x00000000e2280000)
  to   space 14848K, 0% used [0x00000000e0980000,0x00000000e0980000,0x00000000e1800000)
 ParOldGen       total 93184K, used 21026K [0x0000000083400000, 0x0000000088f00000, 0x00000000d6700000)
  object space 93184K, 22% used [0x0000000083400000,0x0000000084888878,0x0000000088f00000)
 Metaspace       used 49118K, capacity 51064K, committed 51456K, reserved 1093632K
  class space    used 6740K, capacity 7150K, committed 7168K, reserved 1048576K
Event: 6,267 GC heap after
Heap after GC invocations=11 (full 2):
 PSYoungGen      total 181248K, used 14816K [0x00000000d6700000, 0x00000000e5a00000, 0x0000000100000000)
  eden space 166400K, 0% used [0x00000000d6700000,0x00000000d6700000,0x00000000e0980000)
  from space 14848K, 99% used [0x00000000e0980000,0x00000000e17f81e8,0x00000000e1800000)
  to   space 18944K, 0% used [0x00000000e4780000,0x00000000e4780000,0x00000000e5a00000)
 ParOldGen       total 93184K, used 26575K [0x0000000083400000, 0x0000000088f00000, 0x00000000d6700000)
  object space 93184K, 28% used [0x0000000083400000,0x0000000084df3d88,0x0000000088f00000)
 Metaspace       used 49118K, capacity 51064K, committed 51456K, reserved 1093632K
  class space    used 6740K, capacity 7150K, committed 7168K, reserved 1048576K
}
Event: 7,433 GC heap before
{Heap before GC invocations=12 (full 2):
 PSYoungGen      total 181248K, used 133603K [0x00000000d6700000, 0x00000000e5a00000, 0x0000000100000000)
  eden space 166400K, 71% used [0x00000000d6700000,0x00000000ddb00c18,0x00000000e0980000)
  from space 14848K, 99% used [0x00000000e0980000,0x00000000e17f81e8,0x00000000e1800000)
  to   space 18944K, 0% used [0x00000000e4780000,0x00000000e4780000,0x00000000e5a00000)
 ParOldGen       total 93184K, used 26575K [0x0000000083400000, 0x0000000088f00000, 0x00000000d6700000)
  object space 93184K, 28% used [0x0000000083400000,0x0000000084df3d88,0x0000000088f00000)
 Metaspace       used 56319K, capacity 58960K, committed 59136K, reserved 1099776K
  class space    used 7796K, capacity 8329K, committed 8448K, reserved 1048576K
Event: 7,456 GC heap after
Heap after GC invocations=12 (full 2):
 PSYoungGen      total 227328K, used 18344K [0x00000000d6700000, 0x00000000e5d80000, 0x0000000100000000)
  eden space 208384K, 0% used [0x00000000d6700000,0x00000000d6700000,0x00000000e3280000)
  from space 18944K, 96% used [0x00000000e4780000,0x00000000e596a138,0x00000000e5a00000)
  to   space 21504K, 0% used [0x00000000e3280000,0x00000000e3280000,0x00000000e4780000)
 ParOldGen       total 93184K, used 26583K [0x0000000083400000, 0x0000000088f00000, 0x00000000d6700000)
  object space 93184K, 28% used [0x0000000083400000,0x0000000084df5d88,0x0000000088f00000)
 Metaspace       used 56319K, capacity 58960K, committed 59136K, reserved 1099776K
  class space    used 7796K, capacity 8329K, committed 8448K, reserved 1048576K
}
Event: 7,456 GC heap before
{Heap before GC invocations=13 (full 3):
 PSYoungGen      total 227328K, used 18344K [0x00000000d6700000, 0x00000000e5d80000, 0x0000000100000000)
  eden space 208384K, 0% used [0x00000000d6700000,0x00000000d6700000,0x00000000e3280000)
  from space 18944K, 96% used [0x00000000e4780000,0x00000000e596a138,0x00000000e5a00000)
  to   space 21504K, 0% used [0x00000000e3280000,0x00000000e3280000,0x00000000e4780000)
 ParOldGen       total 93184K, used 26583K [0x0000000083400000, 0x0000000088f00000, 0x00000000d6700000)
  object space 93184K, 28% used [0x0000000083400000,0x0000000084df5d88,0x0000000088f00000)
 Metaspace       used 56319K, capacity 58960K, committed 59136K, reserved 1099776K
  class space    used 7796K, capacity 8329K, committed 8448K, reserved 1048576K
Event: 7,662 GC heap after
Heap after GC invocations=13 (full 3):
 PSYoungGen      total 227328K, used 0K [0x00000000d6700000, 0x00000000e5d80000, 0x0000000100000000)
  eden space 208384K, 0% used [0x00000000d6700000,0x00000000d6700000,0x00000000e3280000)
  from space 18944K, 0% used [0x00000000e4780000,0x00000000e4780000,0x00000000e5a00000)
  to   space 21504K, 0% used [0x00000000e3280000,0x00000000e3280000,0x00000000e4780000)
 ParOldGen       total 133632K, used 34169K [0x0000000083400000, 0x000000008b680000, 0x00000000d6700000)
  object space 133632K, 25% used [0x0000000083400000,0x000000008555e530,0x000000008b680000)
 Metaspace       used 56265K, capacity 58748K, committed 59136K, reserved 1099776K
  class space    used 7788K, capacity 8261K, committed 8448K, reserved 1048576K
}

