# JRE version: Java(TM) SE Runtime Environment (8.0_201-b09) (build 1.8.0_201-b09)
# Java VM: Java HotSpot(TM) 64-Bit Server VM (25.201-b09 mixed mode linux-amd64 compressed oops)
Heap:
 PSYoungGen      total 353280K, used 100121K [0x00000000d6700000, 0x00000000f3980000, 0x0000000100000000)
  eden space 329728K, 30% used [0x00000000d6700000,0x00000000dc8c6570,0x00000000ea900000)
  from space 23552K, 0% used [0x00000000ea900000,0x00000000ea900000,0x00000000ec000000)
  to   space 23552K, 0% used [0x00000000f2280000,0x00000000f2280000,0x00000000f3980000)
 ParOldGen       total 122368K, used 31761K [0x0000000083400000, 0x000000008ab80000, 0x00000000d6700000)
  object space 122368K, 25% used [0x0000000083400000,0x0000000085304618,0x000000008ab80000)
 Metaspace       used 61904K, capacity 64659K, committed 64768K, reserved 1105920K
  class space    used 8405K, capacity 8904K, committed 8960K, reserved 1048576K
GC Heap History (10 events):
Event: 4,623 GC heap before
{Heap before GC invocations=8 (full 1):
 PSYoungGen      total 217088K, used 35694K [0x00000000d6700000, 0x00000000e4f00000, 0x0000000100000000)
  eden space 205824K, 11% used [0x00000000d6700000,0x00000000d7edfa68,0x00000000e3000000)
  from space 11264K, 99% used [0x00000000e3f80000,0x00000000e4a7c0e0,0x00000000e4a80000)
  to   space 15872K, 0% used [0x00000000e3000000,0x00000000e3000000,0x00000000e3f80000)
 ParOldGen       total 54272K, used 14508K [0x0000000083400000, 0x0000000086900000, 0x00000000d6700000)
  object space 54272K, 26% used [0x0000000083400000,0x000000008422b2c8,0x0000000086900000)
 Metaspace       used 33915K, capacity 35458K, committed 35496K, reserved 1079296K
  class space    used 4518K, capacity 4844K, committed 4864K, reserved 1048576K
Event: 4,645 GC heap after
Heap after GC invocations=8 (full 1):
 PSYoungGen      total 221696K, used 14543K [0x00000000d6700000, 0x00000000ed700000, 0x0000000100000000)
  eden space 205824K, 0% used [0x00000000d6700000,0x00000000d6700000,0x00000000e3000000)
  from space 15872K, 91% used [0x00000000e3000000,0x00000000e3e33c18,0x00000000e3f80000)
  to   space 17920K, 0% used [0x00000000ec580000,0x00000000ec580000,0x00000000ed700000)
 ParOldGen       total 54272K, used 14516K [0x0000000083400000, 0x0000000086900000, 0x00000000d6700000)
  object space 54272K, 26% used [0x0000000083400000,0x000000008422d2c8,0x0000000086900000)
 Metaspace       used 33915K, capacity 35458K, committed 35496K, reserved 1079296K
  class space    used 4518K, capacity 4844K, committed 4864K, reserved 1048576K
}
Event: 4,645 GC heap before
{Heap before GC invocations=9 (full 2):
 PSYoungGen      total 221696K, used 14543K [0x00000000d6700000, 0x00000000ed700000, 0x0000000100000000)
  eden space 205824K, 0% used [0x00000000d6700000,0x00000000d6700000,0x00000000e3000000)
  from space 15872K, 91% used [0x00000000e3000000,0x00000000e3e33c18,0x00000000e3f80000)
  to   space 17920K, 0% used [0x00000000ec580000,0x00000000ec580000,0x00000000ed700000)
 ParOldGen       total 54272K, used 14516K [0x0000000083400000, 0x0000000086900000, 0x00000000d6700000)
  object space 54272K, 26% used [0x0000000083400000,0x000000008422d2c8,0x0000000086900000)
 Metaspace       used 33915K, capacity 35458K, committed 35496K, reserved 1079296K
  class space    used 4518K, capacity 4844K, committed 4864K, reserved 1048576K
Event: 4,730 GC heap after
Heap after GC invocations=9 (full 2):
 PSYoungGen      total 221696K, used 0K [0x00000000d6700000, 0x00000000ed700000, 0x0000000100000000)
  eden space 205824K, 0% used [0x00000000d6700000,0x00000000d6700000,0x00000000e3000000)
  from space 15872K, 0% used [0x00000000e3000000,0x00000000e3000000,0x00000000e3f80000)
  to   space 17920K, 0% used [0x00000000ec580000,0x00000000ec580000,0x00000000ed700000)
 ParOldGen       total 88576K, used 20150K [0x0000000083400000, 0x0000000088a80000, 0x00000000d6700000)
  object space 88576K, 22% used [0x0000000083400000,0x00000000847adb88,0x0000000088a80000)
 Metaspace       used 33915K, capacity 35458K, committed 35496K, reserved 1079296K
  class space    used 4518K, capacity 4844K, committed 4864K, reserved 1048576K
}
Event: 6,876 GC heap before
{Heap before GC invocations=10 (full 2):
 PSYoungGen      total 221696K, used 205824K [0x00000000d6700000, 0x00000000ed700000, 0x0000000100000000)
  eden space 205824K, 100% used [0x00000000d6700000,0x00000000e3000000,0x00000000e3000000)
  from space 15872K, 0% used [0x00000000e3000000,0x00000000e3000000,0x00000000e3f80000)
  to   space 17920K, 0% used [0x00000000ec580000,0x00000000ec580000,0x00000000ed700000)
 ParOldGen       total 88576K, used 20150K [0x0000000083400000, 0x0000000088a80000, 0x00000000d6700000)
  object space 88576K, 22% used [0x0000000083400000,0x00000000847adb88,0x0000000088a80000)
 Metaspace       used 52810K, capacity 55190K, committed 55424K, reserved 1097728K
  class space    used 7274K, capacity 7757K, committed 7808K, reserved 1048576K
Event: 6,902 GC heap after
Heap after GC invocations=10 (full 2):
 PSYoungGen      total 341504K, used 17890K [0x00000000d6700000, 0x00000000ed700000, 0x0000000100000000)
  eden space 323584K, 0% used [0x00000000d6700000,0x00000000d6700000,0x00000000ea300000)
  from space 17920K, 99% used [0x00000000ec580000,0x00000000ed6f8a10,0x00000000ed700000)
  to   space 23552K, 0% used [0x00000000ea900000,0x00000000ea900000,0x00000000ec000000)
 ParOldGen       total 88576K, used 25769K [0x0000000083400000, 0x0000000088a80000, 0x00000000d6700000)
  object space 88576K, 29% used [0x0000000083400000,0x0000000084d2a590,0x0000000088a80000)
 Metaspace       used 52810K, capacity 55190K, committed 55424K, reserved 1097728K
  class space    used 7274K, capacity 7757K, committed 7808K, reserved 1048576K
}
Event: 7,614 GC heap before
{Heap before GC invocations=11 (full 2):
 PSYoungGen      total 341504K, used 105008K [0x00000000d6700000, 0x00000000ed700000, 0x0000000100000000)
  eden space 323584K, 26% used [0x00000000d6700000,0x00000000dbc13758,0x00000000ea300000)
  from space 17920K, 99% used [0x00000000ec580000,0x00000000ed6f8a10,0x00000000ed700000)
  to   space 23552K, 0% used [0x00000000ea900000,0x00000000ea900000,0x00000000ec000000)
 ParOldGen       total 88576K, used 25769K [0x0000000083400000, 0x0000000088a80000, 0x00000000d6700000)
  object space 88576K, 29% used [0x0000000083400000,0x0000000084d2a590,0x0000000088a80000)
 Metaspace       used 56380K, capacity 59062K, committed 59160K, reserved 1099776K
  class space    used 7808K, capacity 8364K, committed 8448K, reserved 1048576K
Event: 7,632 GC heap after
Heap after GC invocations=11 (full 2):
 PSYoungGen      total 353280K, used 14404K [0x00000000d6700000, 0x00000000f3980000, 0x0000000100000000)
  eden space 329728K, 0% used [0x00000000d6700000,0x00000000d6700000,0x00000000ea900000)
  from space 23552K, 61% used [0x00000000ea900000,0x00000000eb711180,0x00000000ec000000)
  to   space 23552K, 0% used [0x00000000f2280000,0x00000000f2280000,0x00000000f3980000)
 ParOldGen       total 88576K, used 25777K [0x0000000083400000, 0x0000000088a80000, 0x00000000d6700000)
  object space 88576K, 29% used [0x0000000083400000,0x0000000084d2c590,0x0000000088a80000)
 Metaspace       used 56380K, capacity 59062K, committed 59160K, reserved 1099776K
  class space    used 7808K, capacity 8364K, committed 8448K, reserved 1048576K
}
Event: 7,632 GC heap before
{Heap before GC invocations=12 (full 3):
 PSYoungGen      total 353280K, used 14404K [0x00000000d6700000, 0x00000000f3980000, 0x0000000100000000)
  eden space 329728K, 0% used [0x00000000d6700000,0x00000000d6700000,0x00000000ea900000)
  from space 23552K, 61% used [0x00000000ea900000,0x00000000eb711180,0x00000000ec000000)
  to   space 23552K, 0% used [0x00000000f2280000,0x00000000f2280000,0x00000000f3980000)
 ParOldGen       total 88576K, used 25777K [0x0000000083400000, 0x0000000088a80000, 0x00000000d6700000)
  object space 88576K, 29% used [0x0000000083400000,0x0000000084d2c590,0x0000000088a80000)
 Metaspace       used 56380K, capacity 59062K, committed 59160K, reserved 1099776K
  class space    used 7808K, capacity 8364K, committed 8448K, reserved 1048576K
Event: 7,860 GC heap after
Heap after GC invocations=12 (full 3):
 PSYoungGen      total 353280K, used 0K [0x00000000d6700000, 0x00000000f3980000, 0x0000000100000000)
  eden space 329728K, 0% used [0x00000000d6700000,0x00000000d6700000,0x00000000ea900000)
  from space 23552K, 0% used [0x00000000ea900000,0x00000000ea900000,0x00000000ec000000)
  to   space 23552K, 0% used [0x00000000f2280000,0x00000000f2280000,0x00000000f3980000)
 ParOldGen       total 122368K, used 31761K [0x0000000083400000, 0x000000008ab80000, 0x00000000d6700000)
  object space 122368K, 25% used [0x0000000083400000,0x0000000085304618,0x000000008ab80000)
 Metaspace       used 56325K, capacity 58850K, committed 59160K, reserved 1099776K
  class space    used 7800K, capacity 8296K, committed 8448K, reserved 1048576K
}

